Watching for file changes with StatReloader
Performing system checks...

System check identified some issues:

WARNINGS:
todos.Todo: (models.W042) Auto-created primary key used when not defining a primary key type, by default 'django.db.models.AutoField'.
	HINT: Configure the DEFAULT_AUTO_FIELD setting or the TodosConfig.default_auto_field attribute to point to a subclass of AutoField, e.g. 'django.db.models.BigAutoField'.

System check identified 1 issue (0 silenced).
December 15, 2022 - 12:54:02
Django version 4.1.4, using settings 'todoApp.settings'
Starting development server at http://0.0.0.0:3000/
Quit the server with CONTROL-C.
Watching for file changes with StatReloader
Performing system checks...

System check identified some issues:

WARNINGS:
todos.Todo: (models.W042) Auto-created primary key used when not defining a primary key type, by default 'django.db.models.AutoField'.
	HINT: Configure the DEFAULT_AUTO_FIELD setting or the TodosConfig.default_auto_field attribute to point to a subclass of AutoField, e.g. 'django.db.models.BigAutoField'.

System check identified 1 issue (0 silenced).
December 15, 2022 - 12:55:05
Django version 4.1.4, using settings 'todoApp.settings'
Starting development server at http://0.0.0.0:3000/
Quit the server with CONTROL-C.
Watching for file changes with StatReloader
Performing system checks...

System check identified some issues:

WARNINGS:
todos.Todo: (models.W042) Auto-created primary key used when not defining a primary key type, by default 'django.db.models.AutoField'.
	HINT: Configure the DEFAULT_AUTO_FIELD setting or the TodosConfig.default_auto_field attribute to point to a subclass of AutoField, e.g. 'django.db.models.BigAutoField'.

System check identified 1 issue (0 silenced).
December 15, 2022 - 12:55:33
Django version 4.1.4, using settings 'todoApp.settings'
Starting development server at http://0.0.0.0:3000/
Quit the server with CONTROL-C.
Error: That port is already in use.
Watching for file changes with StatReloader
Performing system checks...

System check identified some issues:

WARNINGS:
todos.Todo: (models.W042) Auto-created primary key used when not defining a primary key type, by default 'django.db.models.AutoField'.
	HINT: Configure the DEFAULT_AUTO_FIELD setting or the TodosConfig.default_auto_field attribute to point to a subclass of AutoField, e.g. 'django.db.models.BigAutoField'.

System check identified 1 issue (0 silenced).
December 15, 2022 - 12:55:57
Django version 4.1.4, using settings 'todoApp.settings'
Starting development server at http://0.0.0.0:3000/
Quit the server with CONTROL-C.
Error: That port is already in use.
[15/Dec/2022 12:56:04] "GET /todos/ HTTP/1.1" 200 4091
[15/Dec/2022 12:56:04] "GET /static/css/style.css HTTP/1.1" 304 0
[15/Dec/2022 13:00:38] "GET /todos/ HTTP/1.1" 200 4091
[15/Dec/2022 13:00:41] "GET /todos/ HTTP/1.1" 200 4091
[15/Dec/2022 13:00:54] "GET /todos/ HTTP/1.1" 200 4091
